2021-07-12 22:43:52.619  INFO 13708 --- [restartedMain] c.w.ExtractNumbersApplication            : Starting ExtractNumbersApplication using Java 11.0.9 on LAPTOP-8MAUP4OH with PID 13708 (C:\Users\rgmee\Downloads\spring-boot-recipe-app-master\extract-numbers\target\classes started by rgmee in C:\Users\rgmee\Downloads\spring-boot-recipe-app-master\extract-numbers)
2021-07-12 22:43:52.624  INFO 13708 --- [restartedMain] c.w.ExtractNumbersApplication            : No active profile set, falling back to default profiles: default
2021-07-12 22:43:52.724  INFO 13708 --- [restartedMain] .e.DevToolsPropertyDefaultsPostProcessor : Devtools property defaults active! Set 'spring.devtools.add-properties' to 'false' to disable
2021-07-12 22:43:52.725  INFO 13708 --- [restartedMain] .e.DevToolsPropertyDefaultsPostProcessor : For additional web related logging consider setting the 'logging.level.web' property to 'DEBUG'
2021-07-12 22:43:53.918  INFO 13708 --- [restartedMain] .s.d.r.c.RepositoryConfigurationDelegate : Bootstrapping Spring Data JPA repositories in DEFAULT mode.
2021-07-12 22:43:53.955  INFO 13708 --- [restartedMain] .s.d.r.c.RepositoryConfigurationDelegate : Finished Spring Data repository scanning in 16 ms. Found 0 JPA repository interfaces.
2021-07-12 22:43:55.246  INFO 13708 --- [restartedMain] o.s.b.w.embedded.tomcat.TomcatWebServer  : Tomcat initialized with port(s): 8081 (http)
2021-07-12 22:43:55.279  INFO 13708 --- [restartedMain] o.apache.catalina.core.StandardService   : Starting service [Tomcat]
2021-07-12 22:43:55.281  INFO 13708 --- [restartedMain] org.apache.catalina.core.StandardEngine  : Starting Servlet engine: [Apache Tomcat/9.0.48]
2021-07-12 22:43:55.495  INFO 13708 --- [restartedMain] o.a.c.c.C.[Tomcat].[localhost].[/]       : Initializing Spring embedded WebApplicationContext
2021-07-12 22:43:55.496  INFO 13708 --- [restartedMain] w.s.c.ServletWebServerApplicationContext : Root WebApplicationContext: initialization completed in 2767 ms
2021-07-12 22:43:55.543  INFO 13708 --- [restartedMain] com.zaxxer.hikari.HikariDataSource       : HikariPool-1 - Starting...
2021-07-12 22:43:55.891  INFO 13708 --- [restartedMain] com.zaxxer.hikari.HikariDataSource       : HikariPool-1 - Start completed.
2021-07-12 22:43:55.908  INFO 13708 --- [restartedMain] o.s.b.a.h2.H2ConsoleAutoConfiguration    : H2 console available at '/h2-console'. Database available at 'jdbc:h2:mem:3f37c79b-070a-4a1d-8bbb-8d4d2f34bea8'
2021-07-12 22:43:56.283  INFO 13708 --- [restartedMain] o.hibernate.jpa.internal.util.LogHelper  : HHH000204: Processing PersistenceUnitInfo [name: default]
2021-07-12 22:43:56.379  INFO 13708 --- [restartedMain] org.hibernate.Version                    : HHH000412: Hibernate ORM core version 5.4.32.Final
2021-07-12 22:43:56.699  INFO 13708 --- [restartedMain] o.hibernate.annotations.common.Version   : HCANN000001: Hibernate Commons Annotations {5.1.2.Final}
2021-07-12 22:43:57.002  INFO 13708 --- [restartedMain] org.hibernate.dialect.Dialect            : HHH000400: Using dialect: org.hibernate.dialect.H2Dialect
2021-07-12 22:43:57.536  INFO 13708 --- [restartedMain] o.h.e.t.j.p.i.JtaPlatformInitiator       : HHH000490: Using JtaPlatform implementation: [org.hibernate.engine.transaction.jta.platform.internal.NoJtaPlatform]
2021-07-12 22:43:57.553  INFO 13708 --- [restartedMain] j.LocalContainerEntityManagerFactoryBean : Initialized JPA EntityManagerFactory for persistence unit 'default'
2021-07-12 22:43:57.635  WARN 13708 --- [restartedMain] JpaBaseConfiguration$JpaWebConfiguration : spring.jpa.open-in-view is enabled by default. Therefore, database queries may be performed during view rendering. Explicitly configure spring.jpa.open-in-view to disable this warning
2021-07-12 22:43:58.229  INFO 13708 --- [restartedMain] o.s.b.d.a.OptionalLiveReloadServer       : LiveReload server is running on port 35729
2021-07-12 22:43:58.286  INFO 13708 --- [restartedMain] o.s.b.w.embedded.tomcat.TomcatWebServer  : Tomcat started on port(s): 8081 (http) with context path ''
2021-07-12 22:43:58.305  INFO 13708 --- [restartedMain] c.w.ExtractNumbersApplication            : Started ExtractNumbersApplication in 6.282 seconds (JVM running for 8.124)
2021-07-12 22:45:52.462  INFO 13708 --- [Thread-5] j.LocalContainerEntityManagerFactoryBean : Closing JPA EntityManagerFactory for persistence unit 'default'
2021-07-12 22:45:52.464  INFO 13708 --- [Thread-5] .SchemaDropperImpl$DelayedDropActionImpl : HHH000477: Starting delayed evictData of schema as part of SessionFactory shut-down'
2021-07-12 22:45:52.706  WARN 13708 --- [Thread-5] o.s.b.f.support.DisposableBeanAdapter    : Invocation of destroy method failed on bean with name 'inMemoryDatabaseShutdownExecutor': org.h2.jdbc.JdbcSQLNonTransientConnectionException: Database is already closed (to disable automatic closing at VM shutdown, add ";DB_CLOSE_ON_EXIT=FALSE" to the db URL) [90121-200]
2021-07-12 22:45:52.706  INFO 13708 --- [Thread-5] com.zaxxer.hikari.HikariDataSource       : HikariPool-1 - Shutdown initiated...
2021-07-12 22:45:52.712  INFO 13708 --- [Thread-5] com.zaxxer.hikari.HikariDataSource       : HikariPool-1 - Shutdown completed.
2021-07-12 22:45:52.845  INFO 13708 --- [restartedMain] c.w.ExtractNumbersApplication            : Starting ExtractNumbersApplication using Java 11.0.9 on LAPTOP-8MAUP4OH with PID 13708 (C:\Users\rgmee\Downloads\spring-boot-recipe-app-master\extract-numbers\target\classes started by rgmee in C:\Users\rgmee\Downloads\spring-boot-recipe-app-master\extract-numbers)
2021-07-12 22:45:52.845  INFO 13708 --- [restartedMain] c.w.ExtractNumbersApplication            : No active profile set, falling back to default profiles: default
2021-07-12 22:45:53.253  INFO 13708 --- [restartedMain] .s.d.r.c.RepositoryConfigurationDelegate : Bootstrapping Spring Data JPA repositories in DEFAULT mode.
2021-07-12 22:45:53.259  INFO 13708 --- [restartedMain] .s.d.r.c.RepositoryConfigurationDelegate : Finished Spring Data repository scanning in 4 ms. Found 0 JPA repository interfaces.
2021-07-12 22:45:53.457  INFO 13708 --- [restartedMain] o.s.b.w.embedded.tomcat.TomcatWebServer  : Tomcat initialized with port(s): 8081 (http)
2021-07-12 22:45:53.458  INFO 13708 --- [restartedMain] o.apache.catalina.core.StandardService   : Starting service [Tomcat]
2021-07-12 22:45:53.458  INFO 13708 --- [restartedMain] org.apache.catalina.core.StandardEngine  : Starting Servlet engine: [Apache Tomcat/9.0.48]
2021-07-12 22:45:53.506  INFO 13708 --- [restartedMain] o.a.c.c.C.[Tomcat].[localhost].[/]       : Initializing Spring embedded WebApplicationContext
2021-07-12 22:45:53.506  INFO 13708 --- [restartedMain] w.s.c.ServletWebServerApplicationContext : Root WebApplicationContext: initialization completed in 656 ms
2021-07-12 22:45:53.531  INFO 13708 --- [restartedMain] com.zaxxer.hikari.HikariDataSource       : HikariPool-2 - Starting...
2021-07-12 22:45:53.535  INFO 13708 --- [restartedMain] com.zaxxer.hikari.HikariDataSource       : HikariPool-2 - Start completed.
2021-07-12 22:45:53.535  INFO 13708 --- [restartedMain] o.s.b.a.h2.H2ConsoleAutoConfiguration    : H2 console available at '/h2-console'. Database available at 'jdbc:h2:mem:41b4be28-5f7e-4714-83cc-6851320e6350'
2021-07-12 22:45:53.567  INFO 13708 --- [restartedMain] o.hibernate.jpa.internal.util.LogHelper  : HHH000204: Processing PersistenceUnitInfo [name: default]
2021-07-12 22:45:53.577  INFO 13708 --- [restartedMain] org.hibernate.dialect.Dialect            : HHH000400: Using dialect: org.hibernate.dialect.H2Dialect
2021-07-12 22:45:53.591  INFO 13708 --- [restartedMain] o.h.e.t.j.p.i.JtaPlatformInitiator       : HHH000490: Using JtaPlatform implementation: [org.hibernate.engine.transaction.jta.platform.internal.NoJtaPlatform]
2021-07-12 22:45:53.592  INFO 13708 --- [restartedMain] j.LocalContainerEntityManagerFactoryBean : Initialized JPA EntityManagerFactory for persistence unit 'default'
2021-07-12 22:45:53.622  WARN 13708 --- [restartedMain] JpaBaseConfiguration$JpaWebConfiguration : spring.jpa.open-in-view is enabled by default. Therefore, database queries may be performed during view rendering. Explicitly configure spring.jpa.open-in-view to disable this warning
2021-07-12 22:45:53.798  INFO 13708 --- [restartedMain] o.s.b.d.a.OptionalLiveReloadServer       : LiveReload server is running on port 35729
2021-07-12 22:45:53.829  INFO 13708 --- [restartedMain] o.s.b.w.embedded.tomcat.TomcatWebServer  : Tomcat started on port(s): 8081 (http) with context path ''
2021-07-12 22:45:53.841  INFO 13708 --- [restartedMain] c.w.ExtractNumbersApplication            : Started ExtractNumbersApplication in 1.058 seconds (JVM running for 123.66)
2021-07-12 22:45:53.846  INFO 13708 --- [restartedMain] .ConditionEvaluationDeltaLoggingListener : Condition evaluation unchanged
2021-07-12 22:45:55.703  INFO 13708 --- [Thread-7] j.LocalContainerEntityManagerFactoryBean : Closing JPA EntityManagerFactory for persistence unit 'default'
2021-07-12 22:45:55.705  INFO 13708 --- [Thread-7] .SchemaDropperImpl$DelayedDropActionImpl : HHH000477: Starting delayed evictData of schema as part of SessionFactory shut-down'
2021-07-12 22:45:55.916  WARN 13708 --- [Thread-7] o.s.b.f.support.DisposableBeanAdapter    : Invocation of destroy method failed on bean with name 'inMemoryDatabaseShutdownExecutor': org.h2.jdbc.JdbcSQLNonTransientConnectionException: Database is already closed (to disable automatic closing at VM shutdown, add ";DB_CLOSE_ON_EXIT=FALSE" to the db URL) [90121-200]
2021-07-12 22:45:55.917  INFO 13708 --- [Thread-7] com.zaxxer.hikari.HikariDataSource       : HikariPool-2 - Shutdown initiated...
2021-07-12 22:45:55.925  INFO 13708 --- [Thread-7] com.zaxxer.hikari.HikariDataSource       : HikariPool-2 - Shutdown completed.
2021-07-12 22:45:56.045  INFO 13708 --- [restartedMain] c.w.ExtractNumbersApplication            : Starting ExtractNumbersApplication using Java 11.0.9 on LAPTOP-8MAUP4OH with PID 13708 (C:\Users\rgmee\Downloads\spring-boot-recipe-app-master\extract-numbers\target\classes started by rgmee in C:\Users\rgmee\Downloads\spring-boot-recipe-app-master\extract-numbers)
2021-07-12 22:45:56.045  INFO 13708 --- [restartedMain] c.w.ExtractNumbersApplication            : No active profile set, falling back to default profiles: default
2021-07-12 22:45:56.422  INFO 13708 --- [restartedMain] .s.d.r.c.RepositoryConfigurationDelegate : Bootstrapping Spring Data JPA repositories in DEFAULT mode.
2021-07-12 22:45:56.427  INFO 13708 --- [restartedMain] .s.d.r.c.RepositoryConfigurationDelegate : Finished Spring Data repository scanning in 4 ms. Found 0 JPA repository interfaces.
2021-07-12 22:45:56.583  INFO 13708 --- [restartedMain] o.s.b.w.embedded.tomcat.TomcatWebServer  : Tomcat initialized with port(s): 8081 (http)
2021-07-12 22:45:56.584  INFO 13708 --- [restartedMain] o.apache.catalina.core.StandardService   : Starting service [Tomcat]
2021-07-12 22:45:56.584  INFO 13708 --- [restartedMain] org.apache.catalina.core.StandardEngine  : Starting Servlet engine: [Apache Tomcat/9.0.48]
2021-07-12 22:45:56.628  INFO 13708 --- [restartedMain] o.a.c.c.C.[Tomcat].[localhost].[/]       : Initializing Spring embedded WebApplicationContext
2021-07-12 22:45:56.628  INFO 13708 --- [restartedMain] w.s.c.ServletWebServerApplicationContext : Root WebApplicationContext: initialization completed in 578 ms
2021-07-12 22:45:56.646  INFO 13708 --- [restartedMain] com.zaxxer.hikari.HikariDataSource       : HikariPool-3 - Starting...
2021-07-12 22:45:56.651  INFO 13708 --- [restartedMain] com.zaxxer.hikari.HikariDataSource       : HikariPool-3 - Start completed.
2021-07-12 22:45:56.651  INFO 13708 --- [restartedMain] o.s.b.a.h2.H2ConsoleAutoConfiguration    : H2 console available at '/h2-console'. Database available at 'jdbc:h2:mem:3bc6fd37-4373-4a4d-b3b4-24f650d2c473'
2021-07-12 22:45:56.681  INFO 13708 --- [restartedMain] o.hibernate.jpa.internal.util.LogHelper  : HHH000204: Processing PersistenceUnitInfo [name: default]
2021-07-12 22:45:56.694  INFO 13708 --- [restartedMain] org.hibernate.dialect.Dialect            : HHH000400: Using dialect: org.hibernate.dialect.H2Dialect
2021-07-12 22:45:56.728  INFO 13708 --- [restartedMain] o.h.e.t.j.p.i.JtaPlatformInitiator       : HHH000490: Using JtaPlatform implementation: [org.hibernate.engine.transaction.jta.platform.internal.NoJtaPlatform]
2021-07-12 22:45:56.729  INFO 13708 --- [restartedMain] j.LocalContainerEntityManagerFactoryBean : Initialized JPA EntityManagerFactory for persistence unit 'default'
2021-07-12 22:45:56.799  WARN 13708 --- [restartedMain] JpaBaseConfiguration$JpaWebConfiguration : spring.jpa.open-in-view is enabled by default. Therefore, database queries may be performed during view rendering. Explicitly configure spring.jpa.open-in-view to disable this warning
2021-07-12 22:45:57.051  INFO 13708 --- [restartedMain] o.s.b.d.a.OptionalLiveReloadServer       : LiveReload server is running on port 35729
2021-07-12 22:45:57.068  INFO 13708 --- [restartedMain] o.s.b.w.embedded.tomcat.TomcatWebServer  : Tomcat started on port(s): 8081 (http) with context path ''
2021-07-12 22:45:57.078  INFO 13708 --- [restartedMain] c.w.ExtractNumbersApplication            : Started ExtractNumbersApplication in 1.095 seconds (JVM running for 126.897)
2021-07-12 22:45:57.081  INFO 13708 --- [restartedMain] .ConditionEvaluationDeltaLoggingListener : Condition evaluation unchanged
2021-07-12 22:46:03.260  INFO 13708 --- [Thread-12] j.LocalContainerEntityManagerFactoryBean : Closing JPA EntityManagerFactory for persistence unit 'default'
2021-07-12 22:46:03.265  INFO 13708 --- [Thread-12] .SchemaDropperImpl$DelayedDropActionImpl : HHH000477: Starting delayed evictData of schema as part of SessionFactory shut-down'
2021-07-12 22:46:03.481  WARN 13708 --- [Thread-12] o.s.b.f.support.DisposableBeanAdapter    : Invocation of destroy method failed on bean with name 'inMemoryDatabaseShutdownExecutor': org.h2.jdbc.JdbcSQLNonTransientConnectionException: Database is already closed (to disable automatic closing at VM shutdown, add ";DB_CLOSE_ON_EXIT=FALSE" to the db URL) [90121-200]
2021-07-12 22:46:03.483  INFO 13708 --- [Thread-12] com.zaxxer.hikari.HikariDataSource       : HikariPool-3 - Shutdown initiated...
2021-07-12 22:46:03.496  INFO 13708 --- [Thread-12] com.zaxxer.hikari.HikariDataSource       : HikariPool-3 - Shutdown completed.
2021-07-12 22:46:03.746  INFO 13708 --- [restartedMain] c.w.ExtractNumbersApplication            : Starting ExtractNumbersApplication using Java 11.0.9 on LAPTOP-8MAUP4OH with PID 13708 (C:\Users\rgmee\Downloads\spring-boot-recipe-app-master\extract-numbers\target\classes started by rgmee in C:\Users\rgmee\Downloads\spring-boot-recipe-app-master\extract-numbers)
2021-07-12 22:46:03.747  INFO 13708 --- [restartedMain] c.w.ExtractNumbersApplication            : No active profile set, falling back to default profiles: default
2021-07-12 22:46:04.348  INFO 13708 --- [restartedMain] .s.d.r.c.RepositoryConfigurationDelegate : Bootstrapping Spring Data JPA repositories in DEFAULT mode.
2021-07-12 22:46:04.355  INFO 13708 --- [restartedMain] .s.d.r.c.RepositoryConfigurationDelegate : Finished Spring Data repository scanning in 6 ms. Found 0 JPA repository interfaces.
2021-07-12 22:46:04.551  INFO 13708 --- [restartedMain] o.s.b.w.embedded.tomcat.TomcatWebServer  : Tomcat initialized with port(s): 8081 (http)
2021-07-12 22:46:04.553  INFO 13708 --- [restartedMain] o.apache.catalina.core.StandardService   : Starting service [Tomcat]
2021-07-12 22:46:04.554  INFO 13708 --- [restartedMain] org.apache.catalina.core.StandardEngine  : Starting Servlet engine: [Apache Tomcat/9.0.48]
2021-07-12 22:46:04.605  INFO 13708 --- [restartedMain] o.a.c.c.C.[Tomcat].[localhost].[/]       : Initializing Spring embedded WebApplicationContext
2021-07-12 22:46:04.606  INFO 13708 --- [restartedMain] w.s.c.ServletWebServerApplicationContext : Root WebApplicationContext: initialization completed in 855 ms
2021-07-12 22:46:04.634  INFO 13708 --- [restartedMain] com.zaxxer.hikari.HikariDataSource       : HikariPool-4 - Starting...
2021-07-12 22:46:04.639  INFO 13708 --- [restartedMain] com.zaxxer.hikari.HikariDataSource       : HikariPool-4 - Start completed.
2021-07-12 22:46:04.640  INFO 13708 --- [restartedMain] o.s.b.a.h2.H2ConsoleAutoConfiguration    : H2 console available at '/h2-console'. Database available at 'jdbc:h2:mem:0b48b96d-70ac-4724-9583-67f2f2ee2652'
2021-07-12 22:46:04.685  INFO 13708 --- [restartedMain] o.hibernate.jpa.internal.util.LogHelper  : HHH000204: Processing PersistenceUnitInfo [name: default]
2021-07-12 22:46:04.705  INFO 13708 --- [restartedMain] org.hibernate.dialect.Dialect            : HHH000400: Using dialect: org.hibernate.dialect.H2Dialect
2021-07-12 22:46:04.734  INFO 13708 --- [restartedMain] o.h.e.t.j.p.i.JtaPlatformInitiator       : HHH000490: Using JtaPlatform implementation: [org.hibernate.engine.transaction.jta.platform.internal.NoJtaPlatform]
2021-07-12 22:46:04.735  INFO 13708 --- [restartedMain] j.LocalContainerEntityManagerFactoryBean : Initialized JPA EntityManagerFactory for persistence unit 'default'
2021-07-12 22:46:04.781  WARN 13708 --- [restartedMain] JpaBaseConfiguration$JpaWebConfiguration : spring.jpa.open-in-view is enabled by default. Therefore, database queries may be performed during view rendering. Explicitly configure spring.jpa.open-in-view to disable this warning
2021-07-12 22:46:04.966  INFO 13708 --- [restartedMain] o.s.b.d.a.OptionalLiveReloadServer       : LiveReload server is running on port 35729
2021-07-12 22:46:04.994  INFO 13708 --- [restartedMain] o.s.b.w.embedded.tomcat.TomcatWebServer  : Tomcat started on port(s): 8081 (http) with context path ''
2021-07-12 22:46:05.008  INFO 13708 --- [restartedMain] c.w.ExtractNumbersApplication            : Started ExtractNumbersApplication in 1.33 seconds (JVM running for 134.826)
2021-07-12 22:46:05.011  INFO 13708 --- [restartedMain] .ConditionEvaluationDeltaLoggingListener : Condition evaluation unchanged
2021-07-12 22:46:34.698  INFO 13708 --- [Thread-16] j.LocalContainerEntityManagerFactoryBean : Closing JPA EntityManagerFactory for persistence unit 'default'
2021-07-12 22:46:34.701  INFO 13708 --- [Thread-16] .SchemaDropperImpl$DelayedDropActionImpl : HHH000477: Starting delayed evictData of schema as part of SessionFactory shut-down'
2021-07-12 22:46:34.915  WARN 13708 --- [Thread-16] o.s.b.f.support.DisposableBeanAdapter    : Invocation of destroy method failed on bean with name 'inMemoryDatabaseShutdownExecutor': org.h2.jdbc.JdbcSQLNonTransientConnectionException: Database is already closed (to disable automatic closing at VM shutdown, add ";DB_CLOSE_ON_EXIT=FALSE" to the db URL) [90121-200]
2021-07-12 22:46:34.916  INFO 13708 --- [Thread-16] com.zaxxer.hikari.HikariDataSource       : HikariPool-4 - Shutdown initiated...
2021-07-12 22:46:34.921  INFO 13708 --- [Thread-16] com.zaxxer.hikari.HikariDataSource       : HikariPool-4 - Shutdown completed.
2021-07-12 22:46:35.053  INFO 13708 --- [restartedMain] c.w.ExtractNumbersApplication            : Starting ExtractNumbersApplication using Java 11.0.9 on LAPTOP-8MAUP4OH with PID 13708 (C:\Users\rgmee\Downloads\spring-boot-recipe-app-master\extract-numbers\target\classes started by rgmee in C:\Users\rgmee\Downloads\spring-boot-recipe-app-master\extract-numbers)
2021-07-12 22:46:35.053  INFO 13708 --- [restartedMain] c.w.ExtractNumbersApplication            : No active profile set, falling back to default profiles: default
2021-07-12 22:46:35.415  INFO 13708 --- [restartedMain] .s.d.r.c.RepositoryConfigurationDelegate : Bootstrapping Spring Data JPA repositories in DEFAULT mode.
2021-07-12 22:46:35.420  INFO 13708 --- [restartedMain] .s.d.r.c.RepositoryConfigurationDelegate : Finished Spring Data repository scanning in 4 ms. Found 0 JPA repository interfaces.
2021-07-12 22:46:35.552  INFO 13708 --- [restartedMain] o.s.b.w.embedded.tomcat.TomcatWebServer  : Tomcat initialized with port(s): 8081 (http)
2021-07-12 22:46:35.553  INFO 13708 --- [restartedMain] o.apache.catalina.core.StandardService   : Starting service [Tomcat]
2021-07-12 22:46:35.553  INFO 13708 --- [restartedMain] org.apache.catalina.core.StandardEngine  : Starting Servlet engine: [Apache Tomcat/9.0.48]
2021-07-12 22:46:35.587  INFO 13708 --- [restartedMain] o.a.c.c.C.[Tomcat].[localhost].[/]       : Initializing Spring embedded WebApplicationContext
2021-07-12 22:46:35.587  INFO 13708 --- [restartedMain] w.s.c.ServletWebServerApplicationContext : Root WebApplicationContext: initialization completed in 529 ms
2021-07-12 22:46:35.604  INFO 13708 --- [restartedMain] com.zaxxer.hikari.HikariDataSource       : HikariPool-5 - Starting...
2021-07-12 22:46:35.607  INFO 13708 --- [restartedMain] com.zaxxer.hikari.HikariDataSource       : HikariPool-5 - Start completed.
2021-07-12 22:46:35.607  INFO 13708 --- [restartedMain] o.s.b.a.h2.H2ConsoleAutoConfiguration    : H2 console available at '/h2-console'. Database available at 'jdbc:h2:mem:dff807a6-c110-4d90-aada-3fbc303ce060'
2021-07-12 22:46:35.638  INFO 13708 --- [restartedMain] o.hibernate.jpa.internal.util.LogHelper  : HHH000204: Processing PersistenceUnitInfo [name: default]
2021-07-12 22:46:35.648  INFO 13708 --- [restartedMain] org.hibernate.dialect.Dialect            : HHH000400: Using dialect: org.hibernate.dialect.H2Dialect
2021-07-12 22:46:35.662  INFO 13708 --- [restartedMain] o.h.e.t.j.p.i.JtaPlatformInitiator       : HHH000490: Using JtaPlatform implementation: [org.hibernate.engine.transaction.jta.platform.internal.NoJtaPlatform]
2021-07-12 22:46:35.663  INFO 13708 --- [restartedMain] j.LocalContainerEntityManagerFactoryBean : Initialized JPA EntityManagerFactory for persistence unit 'default'
2021-07-12 22:46:35.689  WARN 13708 --- [restartedMain] JpaBaseConfiguration$JpaWebConfiguration : spring.jpa.open-in-view is enabled by default. Therefore, database queries may be performed during view rendering. Explicitly configure spring.jpa.open-in-view to disable this warning
2021-07-12 22:46:35.797  INFO 13708 --- [restartedMain] o.s.b.d.a.OptionalLiveReloadServer       : LiveReload server is running on port 35729
2021-07-12 22:46:35.812  INFO 13708 --- [restartedMain] o.s.b.w.embedded.tomcat.TomcatWebServer  : Tomcat started on port(s): 8081 (http) with context path ''
2021-07-12 22:46:35.820  INFO 13708 --- [restartedMain] c.w.ExtractNumbersApplication            : Started ExtractNumbersApplication in 0.837 seconds (JVM running for 165.638)
2021-07-12 22:46:35.823  INFO 13708 --- [restartedMain] .ConditionEvaluationDeltaLoggingListener : Condition evaluation unchanged
2021-07-12 22:47:12.925  INFO 13708 --- [http-nio-8081-exec-2] o.a.c.c.C.[Tomcat].[localhost].[/]       : Initializing Spring DispatcherServlet 'dispatcherServlet'
2021-07-12 22:47:12.928  INFO 13708 --- [http-nio-8081-exec-2] o.s.web.servlet.DispatcherServlet        : Initializing Servlet 'dispatcherServlet'
2021-07-12 22:47:12.930  INFO 13708 --- [http-nio-8081-exec-2] o.s.web.servlet.DispatcherServlet        : Completed initialization in 2 ms
2021-07-12 22:47:13.354  WARN 13708 --- [http-nio-8081-exec-2] .w.s.m.s.DefaultHandlerExceptionResolver : Resolved [org.springframework.http.converter.HttpMessageNotReadableException: JSON parse error: Unrecognized character escape 'U' (code 85); nested exception is com.fasterxml.jackson.databind.JsonMappingException: Unrecognized character escape 'U' (code 85)
 at [Source: (PushbackInputStream); line: 2, column: 23] (through reference chain: com.wolterskluwer.model.RequestType["filePath"])]
2021-07-12 22:52:02.424  INFO 13708 --- [RMI TCP Connection(22)-127.0.0.1] inMXBeanRegistrar$SpringApplicationAdmin : Application shutdown requested.
2021-07-12 22:52:02.570  INFO 13708 --- [RMI TCP Connection(22)-127.0.0.1] j.LocalContainerEntityManagerFactoryBean : Closing JPA EntityManagerFactory for persistence unit 'default'
2021-07-12 22:52:02.570  INFO 13708 --- [RMI TCP Connection(22)-127.0.0.1] .SchemaDropperImpl$DelayedDropActionImpl : HHH000477: Starting delayed evictData of schema as part of SessionFactory shut-down'
2021-07-12 22:52:02.777  WARN 13708 --- [RMI TCP Connection(22)-127.0.0.1] o.s.b.f.support.DisposableBeanAdapter    : Invocation of destroy method failed on bean with name 'inMemoryDatabaseShutdownExecutor': org.h2.jdbc.JdbcSQLNonTransientConnectionException: Database is already closed (to disable automatic closing at VM shutdown, add ";DB_CLOSE_ON_EXIT=FALSE" to the db URL) [90121-200]
2021-07-12 22:52:02.778  INFO 13708 --- [RMI TCP Connection(22)-127.0.0.1] com.zaxxer.hikari.HikariDataSource       : HikariPool-5 - Shutdown initiated...
2021-07-12 22:52:02.784  INFO 13708 --- [RMI TCP Connection(22)-127.0.0.1] com.zaxxer.hikari.HikariDataSource       : HikariPool-5 - Shutdown completed.
2021-07-12 22:54:43.848  INFO 17184 --- [restartedMain] c.w.ExtractNumbersApplication            : Starting ExtractNumbersApplication using Java 11.0.9 on LAPTOP-8MAUP4OH with PID 17184 (C:\Users\rgmee\Downloads\spring-boot-recipe-app-master\extract-numbers\target\classes started by rgmee in C:\Users\rgmee\Downloads\spring-boot-recipe-app-master\extract-numbers)
2021-07-12 22:54:43.851  INFO 17184 --- [restartedMain] c.w.ExtractNumbersApplication            : No active profile set, falling back to default profiles: default
2021-07-12 22:54:43.903  INFO 17184 --- [restartedMain] .e.DevToolsPropertyDefaultsPostProcessor : Devtools property defaults active! Set 'spring.devtools.add-properties' to 'false' to disable
2021-07-12 22:54:43.903  INFO 17184 --- [restartedMain] .e.DevToolsPropertyDefaultsPostProcessor : For additional web related logging consider setting the 'logging.level.web' property to 'DEBUG'
2021-07-12 22:54:44.593  INFO 17184 --- [restartedMain] .s.d.r.c.RepositoryConfigurationDelegate : Bootstrapping Spring Data JPA repositories in DEFAULT mode.
2021-07-12 22:54:44.607  INFO 17184 --- [restartedMain] .s.d.r.c.RepositoryConfigurationDelegate : Finished Spring Data repository scanning in 6 ms. Found 0 JPA repository interfaces.
2021-07-12 22:54:45.217  INFO 17184 --- [restartedMain] o.s.b.w.embedded.tomcat.TomcatWebServer  : Tomcat initialized with port(s): 8081 (http)
2021-07-12 22:54:45.231  INFO 17184 --- [restartedMain] o.apache.catalina.core.StandardService   : Starting service [Tomcat]
2021-07-12 22:54:45.231  INFO 17184 --- [restartedMain] org.apache.catalina.core.StandardEngine  : Starting Servlet engine: [Apache Tomcat/9.0.48]
2021-07-12 22:54:45.346  INFO 17184 --- [restartedMain] o.a.c.c.C.[Tomcat].[localhost].[/]       : Initializing Spring embedded WebApplicationContext
2021-07-12 22:54:45.346  INFO 17184 --- [restartedMain] w.s.c.ServletWebServerApplicationContext : Root WebApplicationContext: initialization completed in 1442 ms
2021-07-12 22:54:45.374  INFO 17184 --- [restartedMain] com.zaxxer.hikari.HikariDataSource       : HikariPool-1 - Starting...
2021-07-12 22:54:45.555  INFO 17184 --- [restartedMain] com.zaxxer.hikari.HikariDataSource       : HikariPool-1 - Start completed.
2021-07-12 22:54:45.562  INFO 17184 --- [restartedMain] o.s.b.a.h2.H2ConsoleAutoConfiguration    : H2 console available at '/h2-console'. Database available at 'jdbc:h2:mem:d819c32d-8d32-4012-8b23-897e736c8531'
2021-07-12 22:54:45.743  INFO 17184 --- [restartedMain] o.hibernate.jpa.internal.util.LogHelper  : HHH000204: Processing PersistenceUnitInfo [name: default]
2021-07-12 22:54:45.806  INFO 17184 --- [restartedMain] org.hibernate.Version                    : HHH000412: Hibernate ORM core version 5.4.32.Final
2021-07-12 22:54:45.957  INFO 17184 --- [restartedMain] o.hibernate.annotations.common.Version   : HCANN000001: Hibernate Commons Annotations {5.1.2.Final}
2021-07-12 22:54:46.100  INFO 17184 --- [restartedMain] org.hibernate.dialect.Dialect            : HHH000400: Using dialect: org.hibernate.dialect.H2Dialect
2021-07-12 22:54:46.338  INFO 17184 --- [restartedMain] o.h.e.t.j.p.i.JtaPlatformInitiator       : HHH000490: Using JtaPlatform implementation: [org.hibernate.engine.transaction.jta.platform.internal.NoJtaPlatform]
2021-07-12 22:54:46.347  INFO 17184 --- [restartedMain] j.LocalContainerEntityManagerFactoryBean : Initialized JPA EntityManagerFactory for persistence unit 'default'
2021-07-12 22:54:46.391  WARN 17184 --- [restartedMain] JpaBaseConfiguration$JpaWebConfiguration : spring.jpa.open-in-view is enabled by default. Therefore, database queries may be performed during view rendering. Explicitly configure spring.jpa.open-in-view to disable this warning
2021-07-12 22:54:46.717  INFO 17184 --- [restartedMain] o.s.b.d.a.OptionalLiveReloadServer       : LiveReload server is running on port 35729
2021-07-12 22:54:46.747  INFO 17184 --- [restartedMain] o.s.b.w.embedded.tomcat.TomcatWebServer  : Tomcat started on port(s): 8081 (http) with context path ''
2021-07-12 22:54:46.757  INFO 17184 --- [restartedMain] c.w.ExtractNumbersApplication            : Started ExtractNumbersApplication in 3.344 seconds (JVM running for 4.244)
2021-07-12 22:54:49.912  INFO 17184 --- [http-nio-8081-exec-2] o.a.c.c.C.[Tomcat].[localhost].[/]       : Initializing Spring DispatcherServlet 'dispatcherServlet'
2021-07-12 22:54:49.914  INFO 17184 --- [http-nio-8081-exec-2] o.s.web.servlet.DispatcherServlet        : Initializing Servlet 'dispatcherServlet'
2021-07-12 22:54:49.916  INFO 17184 --- [http-nio-8081-exec-2] o.s.web.servlet.DispatcherServlet        : Completed initialization in 1 ms
2021-07-12 22:56:36.950  INFO 17184 --- [Thread-5] j.LocalContainerEntityManagerFactoryBean : Closing JPA EntityManagerFactory for persistence unit 'default'
2021-07-12 22:56:36.951  INFO 17184 --- [Thread-5] .SchemaDropperImpl$DelayedDropActionImpl : HHH000477: Starting delayed evictData of schema as part of SessionFactory shut-down'
2021-07-12 22:56:37.180  WARN 17184 --- [Thread-5] o.s.b.f.support.DisposableBeanAdapter    : Invocation of destroy method failed on bean with name 'inMemoryDatabaseShutdownExecutor': org.h2.jdbc.JdbcSQLNonTransientConnectionException: Database is already closed (to disable automatic closing at VM shutdown, add ";DB_CLOSE_ON_EXIT=FALSE" to the db URL) [90121-200]
2021-07-12 22:56:37.181  INFO 17184 --- [Thread-5] com.zaxxer.hikari.HikariDataSource       : HikariPool-1 - Shutdown initiated...
2021-07-12 22:56:37.187  INFO 17184 --- [Thread-5] com.zaxxer.hikari.HikariDataSource       : HikariPool-1 - Shutdown completed.
2021-07-12 22:56:37.274  INFO 17184 --- [restartedMain] c.w.ExtractNumbersApplication            : Starting ExtractNumbersApplication using Java 11.0.9 on LAPTOP-8MAUP4OH with PID 17184 (C:\Users\rgmee\Downloads\spring-boot-recipe-app-master\extract-numbers\target\classes started by rgmee in C:\Users\rgmee\Downloads\spring-boot-recipe-app-master\extract-numbers)
2021-07-12 22:56:37.275  INFO 17184 --- [restartedMain] c.w.ExtractNumbersApplication            : No active profile set, falling back to default profiles: default
2021-07-12 22:56:37.444  INFO 17184 --- [restartedMain] .s.d.r.c.RepositoryConfigurationDelegate : Bootstrapping Spring Data JPA repositories in DEFAULT mode.
2021-07-12 22:56:37.447  INFO 17184 --- [restartedMain] .s.d.r.c.RepositoryConfigurationDelegate : Finished Spring Data repository scanning in 2 ms. Found 0 JPA repository interfaces.
2021-07-12 22:56:37.537  INFO 17184 --- [restartedMain] o.s.b.w.embedded.tomcat.TomcatWebServer  : Tomcat initialized with port(s): 8081 (http)
2021-07-12 22:56:37.538  INFO 17184 --- [restartedMain] o.apache.catalina.core.StandardService   : Starting service [Tomcat]
2021-07-12 22:56:37.539  INFO 17184 --- [restartedMain] org.apache.catalina.core.StandardEngine  : Starting Servlet engine: [Apache Tomcat/9.0.48]
2021-07-12 22:56:37.560  INFO 17184 --- [restartedMain] o.a.c.c.C.[Tomcat].[localhost].[/]       : Initializing Spring embedded WebApplicationContext
2021-07-12 22:56:37.561  INFO 17184 --- [restartedMain] w.s.c.ServletWebServerApplicationContext : Root WebApplicationContext: initialization completed in 283 ms
2021-07-12 22:56:37.570  INFO 17184 --- [restartedMain] com.zaxxer.hikari.HikariDataSource       : HikariPool-2 - Starting...
2021-07-12 22:56:37.572  INFO 17184 --- [restartedMain] com.zaxxer.hikari.HikariDataSource       : HikariPool-2 - Start completed.
2021-07-12 22:56:37.572  INFO 17184 --- [restartedMain] o.s.b.a.h2.H2ConsoleAutoConfiguration    : H2 console available at '/h2-console'. Database available at 'jdbc:h2:mem:07c2ec2a-1751-4597-af80-4388233de6a4'
2021-07-12 22:56:37.589  INFO 17184 --- [restartedMain] o.hibernate.jpa.internal.util.LogHelper  : HHH000204: Processing PersistenceUnitInfo [name: default]
2021-07-12 22:56:37.596  INFO 17184 --- [restartedMain] org.hibernate.dialect.Dialect            : HHH000400: Using dialect: org.hibernate.dialect.H2Dialect
2021-07-12 22:56:37.604  INFO 17184 --- [restartedMain] o.h.e.t.j.p.i.JtaPlatformInitiator       : HHH000490: Using JtaPlatform implementation: [org.hibernate.engine.transaction.jta.platform.internal.NoJtaPlatform]
2021-07-12 22:56:37.604  INFO 17184 --- [restartedMain] j.LocalContainerEntityManagerFactoryBean : Initialized JPA EntityManagerFactory for persistence unit 'default'
2021-07-12 22:56:37.620  WARN 17184 --- [restartedMain] JpaBaseConfiguration$JpaWebConfiguration : spring.jpa.open-in-view is enabled by default. Therefore, database queries may be performed during view rendering. Explicitly configure spring.jpa.open-in-view to disable this warning
2021-07-12 22:56:37.695  INFO 17184 --- [restartedMain] o.s.b.d.a.OptionalLiveReloadServer       : LiveReload server is running on port 35729
2021-07-12 22:56:37.705  INFO 17184 --- [restartedMain] o.s.b.w.embedded.tomcat.TomcatWebServer  : Tomcat started on port(s): 8081 (http) with context path ''
2021-07-12 22:56:37.712  INFO 17184 --- [restartedMain] c.w.ExtractNumbersApplication            : Started ExtractNumbersApplication in 0.467 seconds (JVM running for 115.199)
2021-07-12 22:56:37.714  INFO 17184 --- [restartedMain] .ConditionEvaluationDeltaLoggingListener : Condition evaluation unchanged
2021-07-12 22:56:44.430  INFO 17184 --- [Thread-7] j.LocalContainerEntityManagerFactoryBean : Closing JPA EntityManagerFactory for persistence unit 'default'
2021-07-12 22:56:44.432  INFO 17184 --- [Thread-7] .SchemaDropperImpl$DelayedDropActionImpl : HHH000477: Starting delayed evictData of schema as part of SessionFactory shut-down'
2021-07-12 22:56:44.648  WARN 17184 --- [Thread-7] o.s.b.f.support.DisposableBeanAdapter    : Invocation of destroy method failed on bean with name 'inMemoryDatabaseShutdownExecutor': org.h2.jdbc.JdbcSQLNonTransientConnectionException: Database is already closed (to disable automatic closing at VM shutdown, add ";DB_CLOSE_ON_EXIT=FALSE" to the db URL) [90121-200]
2021-07-12 22:56:44.653  INFO 17184 --- [Thread-7] com.zaxxer.hikari.HikariDataSource       : HikariPool-2 - Shutdown initiated...
2021-07-12 22:56:44.662  INFO 17184 --- [Thread-7] com.zaxxer.hikari.HikariDataSource       : HikariPool-2 - Shutdown completed.
2021-07-12 22:56:44.770  INFO 17184 --- [restartedMain] c.w.ExtractNumbersApplication            : Starting ExtractNumbersApplication using Java 11.0.9 on LAPTOP-8MAUP4OH with PID 17184 (C:\Users\rgmee\Downloads\spring-boot-recipe-app-master\extract-numbers\target\classes started by rgmee in C:\Users\rgmee\Downloads\spring-boot-recipe-app-master\extract-numbers)
2021-07-12 22:56:44.770  INFO 17184 --- [restartedMain] c.w.ExtractNumbersApplication            : No active profile set, falling back to default profiles: default
2021-07-12 22:56:44.946  INFO 17184 --- [restartedMain] .s.d.r.c.RepositoryConfigurationDelegate : Bootstrapping Spring Data JPA repositories in DEFAULT mode.
2021-07-12 22:56:44.950  INFO 17184 --- [restartedMain] .s.d.r.c.RepositoryConfigurationDelegate : Finished Spring Data repository scanning in 3 ms. Found 0 JPA repository interfaces.
2021-07-12 22:56:45.045  INFO 17184 --- [restartedMain] o.s.b.w.embedded.tomcat.TomcatWebServer  : Tomcat initialized with port(s): 8081 (http)
2021-07-12 22:56:45.047  INFO 17184 --- [restartedMain] o.apache.catalina.core.StandardService   : Starting service [Tomcat]
2021-07-12 22:56:45.047  INFO 17184 --- [restartedMain] org.apache.catalina.core.StandardEngine  : Starting Servlet engine: [Apache Tomcat/9.0.48]
2021-07-12 22:56:45.076  INFO 17184 --- [restartedMain] o.a.c.c.C.[Tomcat].[localhost].[/]       : Initializing Spring embedded WebApplicationContext
2021-07-12 22:56:45.077  INFO 17184 --- [restartedMain] w.s.c.ServletWebServerApplicationContext : Root WebApplicationContext: initialization completed in 304 ms
2021-07-12 22:56:45.089  INFO 17184 --- [restartedMain] com.zaxxer.hikari.HikariDataSource       : HikariPool-3 - Starting...
2021-07-12 22:56:45.090  INFO 17184 --- [restartedMain] com.zaxxer.hikari.HikariDataSource       : HikariPool-3 - Start completed.
2021-07-12 22:56:45.091  INFO 17184 --- [restartedMain] o.s.b.a.h2.H2ConsoleAutoConfiguration    : H2 console available at '/h2-console'. Database available at 'jdbc:h2:mem:e0bf2181-c083-415d-a2a2-3efbb769331b'
2021-07-12 22:56:45.110  INFO 17184 --- [restartedMain] o.hibernate.jpa.internal.util.LogHelper  : HHH000204: Processing PersistenceUnitInfo [name: default]
2021-07-12 22:56:45.117  INFO 17184 --- [restartedMain] org.hibernate.dialect.Dialect            : HHH000400: Using dialect: org.hibernate.dialect.H2Dialect
2021-07-12 22:56:45.125  INFO 17184 --- [restartedMain] o.h.e.t.j.p.i.JtaPlatformInitiator       : HHH000490: Using JtaPlatform implementation: [org.hibernate.engine.transaction.jta.platform.internal.NoJtaPlatform]
2021-07-12 22:56:45.126  INFO 17184 --- [restartedMain] j.LocalContainerEntityManagerFactoryBean : Initialized JPA EntityManagerFactory for persistence unit 'default'
2021-07-12 22:56:45.142  WARN 17184 --- [restartedMain] JpaBaseConfiguration$JpaWebConfiguration : spring.jpa.open-in-view is enabled by default. Therefore, database queries may be performed during view rendering. Explicitly configure spring.jpa.open-in-view to disable this warning
2021-07-12 22:56:45.213  INFO 17184 --- [restartedMain] o.s.b.d.a.OptionalLiveReloadServer       : LiveReload server is running on port 35729
2021-07-12 22:56:45.223  INFO 17184 --- [restartedMain] o.s.b.w.embedded.tomcat.TomcatWebServer  : Tomcat started on port(s): 8081 (http) with context path ''
2021-07-12 22:56:45.232  INFO 17184 --- [restartedMain] c.w.ExtractNumbersApplication            : Started ExtractNumbersApplication in 0.498 seconds (JVM running for 122.72)
2021-07-12 22:56:45.234  INFO 17184 --- [restartedMain] .ConditionEvaluationDeltaLoggingListener : Condition evaluation unchanged
2021-07-12 22:56:50.504  INFO 17184 --- [http-nio-8081-exec-2] o.a.c.c.C.[Tomcat].[localhost].[/]       : Initializing Spring DispatcherServlet 'dispatcherServlet'
2021-07-12 22:56:50.505  INFO 17184 --- [http-nio-8081-exec-2] o.s.web.servlet.DispatcherServlet        : Initializing Servlet 'dispatcherServlet'
2021-07-12 22:56:50.506  INFO 17184 --- [http-nio-8081-exec-2] o.s.web.servlet.DispatcherServlet        : Completed initialization in 1 ms
2021-07-12 22:58:26.141  INFO 17184 --- [Thread-12] j.LocalContainerEntityManagerFactoryBean : Closing JPA EntityManagerFactory for persistence unit 'default'
2021-07-12 22:58:26.141  INFO 17184 --- [Thread-12] .SchemaDropperImpl$DelayedDropActionImpl : HHH000477: Starting delayed evictData of schema as part of SessionFactory shut-down'
2021-07-12 22:58:26.346  WARN 17184 --- [Thread-12] o.s.b.f.support.DisposableBeanAdapter    : Invocation of destroy method failed on bean with name 'inMemoryDatabaseShutdownExecutor': org.h2.jdbc.JdbcSQLNonTransientConnectionException: Database is already closed (to disable automatic closing at VM shutdown, add ";DB_CLOSE_ON_EXIT=FALSE" to the db URL) [90121-200]
2021-07-12 22:58:26.347  INFO 17184 --- [Thread-12] com.zaxxer.hikari.HikariDataSource       : HikariPool-3 - Shutdown initiated...
2021-07-12 22:58:26.361  INFO 17184 --- [Thread-12] com.zaxxer.hikari.HikariDataSource       : HikariPool-3 - Shutdown completed.
2021-07-12 22:58:26.435  INFO 17184 --- [restartedMain] c.w.ExtractNumbersApplication            : Starting ExtractNumbersApplication using Java 11.0.9 on LAPTOP-8MAUP4OH with PID 17184 (C:\Users\rgmee\Downloads\spring-boot-recipe-app-master\extract-numbers\target\classes started by rgmee in C:\Users\rgmee\Downloads\spring-boot-recipe-app-master\extract-numbers)
2021-07-12 22:58:26.436  INFO 17184 --- [restartedMain] c.w.ExtractNumbersApplication            : No active profile set, falling back to default profiles: default
2021-07-12 22:58:26.589  INFO 17184 --- [restartedMain] .s.d.r.c.RepositoryConfigurationDelegate : Bootstrapping Spring Data JPA repositories in DEFAULT mode.
2021-07-12 22:58:26.591  INFO 17184 --- [restartedMain] .s.d.r.c.RepositoryConfigurationDelegate : Finished Spring Data repository scanning in 2 ms. Found 0 JPA repository interfaces.
2021-07-12 22:58:26.669  INFO 17184 --- [restartedMain] o.s.b.w.embedded.tomcat.TomcatWebServer  : Tomcat initialized with port(s): 8081 (http)
2021-07-12 22:58:26.670  INFO 17184 --- [restartedMain] o.apache.catalina.core.StandardService   : Starting service [Tomcat]
2021-07-12 22:58:26.671  INFO 17184 --- [restartedMain] org.apache.catalina.core.StandardEngine  : Starting Servlet engine: [Apache Tomcat/9.0.48]
2021-07-12 22:58:26.699  INFO 17184 --- [restartedMain] o.a.c.c.C.[Tomcat].[localhost].[/]       : Initializing Spring embedded WebApplicationContext
2021-07-12 22:58:26.699  INFO 17184 --- [restartedMain] w.s.c.ServletWebServerApplicationContext : Root WebApplicationContext: initialization completed in 261 ms
2021-07-12 22:58:26.710  INFO 17184 --- [restartedMain] com.zaxxer.hikari.HikariDataSource       : HikariPool-4 - Starting...
2021-07-12 22:58:26.713  INFO 17184 --- [restartedMain] com.zaxxer.hikari.HikariDataSource       : HikariPool-4 - Start completed.
2021-07-12 22:58:26.713  INFO 17184 --- [restartedMain] o.s.b.a.h2.H2ConsoleAutoConfiguration    : H2 console available at '/h2-console'. Database available at 'jdbc:h2:mem:13448c5b-9923-4aa8-b3e3-e63a40a40981'
2021-07-12 22:58:26.730  INFO 17184 --- [restartedMain] o.hibernate.jpa.internal.util.LogHelper  : HHH000204: Processing PersistenceUnitInfo [name: default]
2021-07-12 22:58:26.736  INFO 17184 --- [restartedMain] org.hibernate.dialect.Dialect            : HHH000400: Using dialect: org.hibernate.dialect.H2Dialect
2021-07-12 22:58:26.744  INFO 17184 --- [restartedMain] o.h.e.t.j.p.i.JtaPlatformInitiator       : HHH000490: Using JtaPlatform implementation: [org.hibernate.engine.transaction.jta.platform.internal.NoJtaPlatform]
2021-07-12 22:58:26.745  INFO 17184 --- [restartedMain] j.LocalContainerEntityManagerFactoryBean : Initialized JPA EntityManagerFactory for persistence unit 'default'
2021-07-12 22:58:26.759  WARN 17184 --- [restartedMain] JpaBaseConfiguration$JpaWebConfiguration : spring.jpa.open-in-view is enabled by default. Therefore, database queries may be performed during view rendering. Explicitly configure spring.jpa.open-in-view to disable this warning
2021-07-12 22:58:26.824  INFO 17184 --- [restartedMain] o.s.b.d.a.OptionalLiveReloadServer       : LiveReload server is running on port 35729
2021-07-12 22:58:26.832  INFO 17184 --- [restartedMain] o.s.b.w.embedded.tomcat.TomcatWebServer  : Tomcat started on port(s): 8081 (http) with context path ''
2021-07-12 22:58:26.837  INFO 17184 --- [restartedMain] c.w.ExtractNumbersApplication            : Started ExtractNumbersApplication in 0.431 seconds (JVM running for 224.324)
2021-07-12 22:58:26.841  INFO 17184 --- [restartedMain] .ConditionEvaluationDeltaLoggingListener : Condition evaluation unchanged
2021-07-12 22:58:29.439  INFO 17184 --- [http-nio-8081-exec-2] o.a.c.c.C.[Tomcat].[localhost].[/]       : Initializing Spring DispatcherServlet 'dispatcherServlet'
2021-07-12 22:58:29.440  INFO 17184 --- [http-nio-8081-exec-2] o.s.web.servlet.DispatcherServlet        : Initializing Servlet 'dispatcherServlet'
2021-07-12 22:58:29.441  INFO 17184 --- [http-nio-8081-exec-2] o.s.web.servlet.DispatcherServlet        : Completed initialization in 0 ms
2021-07-12 22:58:51.964  INFO 17184 --- [Thread-16] j.LocalContainerEntityManagerFactoryBean : Closing JPA EntityManagerFactory for persistence unit 'default'
2021-07-12 22:58:51.964  INFO 17184 --- [Thread-16] .SchemaDropperImpl$DelayedDropActionImpl : HHH000477: Starting delayed evictData of schema as part of SessionFactory shut-down'
2021-07-12 22:58:52.181  WARN 17184 --- [Thread-16] o.s.b.f.support.DisposableBeanAdapter    : Invocation of destroy method failed on bean with name 'inMemoryDatabaseShutdownExecutor': org.h2.jdbc.JdbcSQLNonTransientConnectionException: Database is already closed (to disable automatic closing at VM shutdown, add ";DB_CLOSE_ON_EXIT=FALSE" to the db URL) [90121-200]
2021-07-12 22:58:52.182  INFO 17184 --- [Thread-16] com.zaxxer.hikari.HikariDataSource       : HikariPool-4 - Shutdown initiated...
2021-07-12 22:58:52.197  INFO 17184 --- [Thread-16] com.zaxxer.hikari.HikariDataSource       : HikariPool-4 - Shutdown completed.
2021-07-12 22:58:52.283  INFO 17184 --- [restartedMain] c.w.ExtractNumbersApplication            : Starting ExtractNumbersApplication using Java 11.0.9 on LAPTOP-8MAUP4OH with PID 17184 (C:\Users\rgmee\Downloads\spring-boot-recipe-app-master\extract-numbers\target\classes started by rgmee in C:\Users\rgmee\Downloads\spring-boot-recipe-app-master\extract-numbers)
2021-07-12 22:58:52.284  INFO 17184 --- [restartedMain] c.w.ExtractNumbersApplication            : No active profile set, falling back to default profiles: default
2021-07-12 22:58:52.433  INFO 17184 --- [restartedMain] .s.d.r.c.RepositoryConfigurationDelegate : Bootstrapping Spring Data JPA repositories in DEFAULT mode.
2021-07-12 22:58:52.436  INFO 17184 --- [restartedMain] .s.d.r.c.RepositoryConfigurationDelegate : Finished Spring Data repository scanning in 2 ms. Found 0 JPA repository interfaces.
2021-07-12 22:58:52.502  INFO 17184 --- [restartedMain] o.s.b.w.embedded.tomcat.TomcatWebServer  : Tomcat initialized with port(s): 8081 (http)
2021-07-12 22:58:52.502  INFO 17184 --- [restartedMain] o.apache.catalina.core.StandardService   : Starting service [Tomcat]
2021-07-12 22:58:52.502  INFO 17184 --- [restartedMain] org.apache.catalina.core.StandardEngine  : Starting Servlet engine: [Apache Tomcat/9.0.48]
2021-07-12 22:58:52.521  INFO 17184 --- [restartedMain] o.a.c.c.C.[Tomcat].[localhost].[/]       : Initializing Spring embedded WebApplicationContext
2021-07-12 22:58:52.521  INFO 17184 --- [restartedMain] w.s.c.ServletWebServerApplicationContext : Root WebApplicationContext: initialization completed in 235 ms
2021-07-12 22:58:52.531  INFO 17184 --- [restartedMain] com.zaxxer.hikari.HikariDataSource       : HikariPool-5 - Starting...
2021-07-12 22:58:52.533  INFO 17184 --- [restartedMain] com.zaxxer.hikari.HikariDataSource       : HikariPool-5 - Start completed.
2021-07-12 22:58:52.533  INFO 17184 --- [restartedMain] o.s.b.a.h2.H2ConsoleAutoConfiguration    : H2 console available at '/h2-console'. Database available at 'jdbc:h2:mem:dbaaacaf-1e5e-4382-996b-9c95bbbe924e'
2021-07-12 22:58:52.549  INFO 17184 --- [restartedMain] o.hibernate.jpa.internal.util.LogHelper  : HHH000204: Processing PersistenceUnitInfo [name: default]
2021-07-12 22:58:52.556  INFO 17184 --- [restartedMain] org.hibernate.dialect.Dialect            : HHH000400: Using dialect: org.hibernate.dialect.H2Dialect
2021-07-12 22:58:52.564  INFO 17184 --- [restartedMain] o.h.e.t.j.p.i.JtaPlatformInitiator       : HHH000490: Using JtaPlatform implementation: [org.hibernate.engine.transaction.jta.platform.internal.NoJtaPlatform]
2021-07-12 22:58:52.564  INFO 17184 --- [restartedMain] j.LocalContainerEntityManagerFactoryBean : Initialized JPA EntityManagerFactory for persistence unit 'default'
2021-07-12 22:58:52.578  WARN 17184 --- [restartedMain] JpaBaseConfiguration$JpaWebConfiguration : spring.jpa.open-in-view is enabled by default. Therefore, database queries may be performed during view rendering. Explicitly configure spring.jpa.open-in-view to disable this warning
2021-07-12 22:58:52.638  INFO 17184 --- [restartedMain] o.s.b.d.a.OptionalLiveReloadServer       : LiveReload server is running on port 35729
2021-07-12 22:58:52.647  INFO 17184 --- [restartedMain] o.s.b.w.embedded.tomcat.TomcatWebServer  : Tomcat started on port(s): 8081 (http) with context path ''
2021-07-12 22:58:52.654  INFO 17184 --- [restartedMain] c.w.ExtractNumbersApplication            : Started ExtractNumbersApplication in 0.399 seconds (JVM running for 250.142)
2021-07-12 22:58:52.657  INFO 17184 --- [restartedMain] .ConditionEvaluationDeltaLoggingListener : Condition evaluation unchanged
2021-07-12 22:58:55.873  INFO 17184 --- [http-nio-8081-exec-2] o.a.c.c.C.[Tomcat].[localhost].[/]       : Initializing Spring DispatcherServlet 'dispatcherServlet'
2021-07-12 22:58:55.874  INFO 17184 --- [http-nio-8081-exec-2] o.s.web.servlet.DispatcherServlet        : Initializing Servlet 'dispatcherServlet'
2021-07-12 22:58:55.875  INFO 17184 --- [http-nio-8081-exec-2] o.s.web.servlet.DispatcherServlet        : Completed initialization in 1 ms
2021-07-12 23:02:59.253  INFO 17184 --- [Thread-20] j.LocalContainerEntityManagerFactoryBean : Closing JPA EntityManagerFactory for persistence unit 'default'
2021-07-12 23:02:59.257  INFO 17184 --- [Thread-20] .SchemaDropperImpl$DelayedDropActionImpl : HHH000477: Starting delayed evictData of schema as part of SessionFactory shut-down'
2021-07-12 23:02:59.474  WARN 17184 --- [Thread-20] o.s.b.f.support.DisposableBeanAdapter    : Invocation of destroy method failed on bean with name 'inMemoryDatabaseShutdownExecutor': org.h2.jdbc.JdbcSQLNonTransientConnectionException: Database is already closed (to disable automatic closing at VM shutdown, add ";DB_CLOSE_ON_EXIT=FALSE" to the db URL) [90121-200]
2021-07-12 23:02:59.475  INFO 17184 --- [Thread-20] com.zaxxer.hikari.HikariDataSource       : HikariPool-5 - Shutdown initiated...
2021-07-12 23:02:59.484  INFO 17184 --- [Thread-20] com.zaxxer.hikari.HikariDataSource       : HikariPool-5 - Shutdown completed.
2021-07-12 23:02:59.595  INFO 17184 --- [restartedMain] c.w.ExtractNumbersApplication            : Starting ExtractNumbersApplication using Java 11.0.9 on LAPTOP-8MAUP4OH with PID 17184 (C:\Users\rgmee\Downloads\spring-boot-recipe-app-master\extract-numbers\target\classes started by rgmee in C:\Users\rgmee\Downloads\spring-boot-recipe-app-master\extract-numbers)
2021-07-12 23:02:59.596  INFO 17184 --- [restartedMain] c.w.ExtractNumbersApplication            : No active profile set, falling back to default profiles: default
2021-07-12 23:02:59.787  INFO 17184 --- [restartedMain] .s.d.r.c.RepositoryConfigurationDelegate : Bootstrapping Spring Data JPA repositories in DEFAULT mode.
2021-07-12 23:02:59.790  INFO 17184 --- [restartedMain] .s.d.r.c.RepositoryConfigurationDelegate : Finished Spring Data repository scanning in 2 ms. Found 0 JPA repository interfaces.
2021-07-12 23:02:59.870  INFO 17184 --- [restartedMain] o.s.b.w.embedded.tomcat.TomcatWebServer  : Tomcat initialized with port(s): 8081 (http)
2021-07-12 23:02:59.871  INFO 17184 --- [restartedMain] o.apache.catalina.core.StandardService   : Starting service [Tomcat]
2021-07-12 23:02:59.871  INFO 17184 --- [restartedMain] org.apache.catalina.core.StandardEngine  : Starting Servlet engine: [Apache Tomcat/9.0.48]
2021-07-12 23:02:59.892  INFO 17184 --- [restartedMain] o.a.c.c.C.[Tomcat].[localhost].[/]       : Initializing Spring embedded WebApplicationContext
2021-07-12 23:02:59.892  INFO 17184 --- [restartedMain] w.s.c.ServletWebServerApplicationContext : Root WebApplicationContext: initialization completed in 292 ms
2021-07-12 23:02:59.903  INFO 17184 --- [restartedMain] com.zaxxer.hikari.HikariDataSource       : HikariPool-6 - Starting...
2021-07-12 23:02:59.905  INFO 17184 --- [restartedMain] com.zaxxer.hikari.HikariDataSource       : HikariPool-6 - Start completed.
2021-07-12 23:02:59.905  INFO 17184 --- [restartedMain] o.s.b.a.h2.H2ConsoleAutoConfiguration    : H2 console available at '/h2-console'. Database available at 'jdbc:h2:mem:7e7f46c8-982b-45a6-b754-3aef98a0209f'
2021-07-12 23:02:59.927  INFO 17184 --- [restartedMain] o.hibernate.jpa.internal.util.LogHelper  : HHH000204: Processing PersistenceUnitInfo [name: default]
2021-07-12 23:02:59.937  INFO 17184 --- [restartedMain] org.hibernate.dialect.Dialect            : HHH000400: Using dialect: org.hibernate.dialect.H2Dialect
2021-07-12 23:02:59.944  INFO 17184 --- [restartedMain] o.h.e.t.j.p.i.JtaPlatformInitiator       : HHH000490: Using JtaPlatform implementation: [org.hibernate.engine.transaction.jta.platform.internal.NoJtaPlatform]
2021-07-12 23:02:59.945  INFO 17184 --- [restartedMain] j.LocalContainerEntityManagerFactoryBean : Initialized JPA EntityManagerFactory for persistence unit 'default'
2021-07-12 23:02:59.961  WARN 17184 --- [restartedMain] JpaBaseConfiguration$JpaWebConfiguration : spring.jpa.open-in-view is enabled by default. Therefore, database queries may be performed during view rendering. Explicitly configure spring.jpa.open-in-view to disable this warning
2021-07-12 23:03:00.040  INFO 17184 --- [restartedMain] o.s.b.d.a.OptionalLiveReloadServer       : LiveReload server is running on port 35729
2021-07-12 23:03:00.049  INFO 17184 --- [restartedMain] o.s.b.w.embedded.tomcat.TomcatWebServer  : Tomcat started on port(s): 8081 (http) with context path ''
2021-07-12 23:03:00.055  INFO 17184 --- [restartedMain] c.w.ExtractNumbersApplication            : Started ExtractNumbersApplication in 0.496 seconds (JVM running for 497.542)
2021-07-12 23:03:00.057  INFO 17184 --- [restartedMain] .ConditionEvaluationDeltaLoggingListener : Condition evaluation unchanged
2021-07-12 23:03:02.741  INFO 17184 --- [http-nio-8081-exec-2] o.a.c.c.C.[Tomcat].[localhost].[/]       : Initializing Spring DispatcherServlet 'dispatcherServlet'
2021-07-12 23:03:02.742  INFO 17184 --- [http-nio-8081-exec-2] o.s.web.servlet.DispatcherServlet        : Initializing Servlet 'dispatcherServlet'
2021-07-12 23:03:02.743  INFO 17184 --- [http-nio-8081-exec-2] o.s.web.servlet.DispatcherServlet        : Completed initialization in 0 ms
2021-07-12 23:03:26.222  INFO 17184 --- [Thread-24] j.LocalContainerEntityManagerFactoryBean : Closing JPA EntityManagerFactory for persistence unit 'default'
2021-07-12 23:03:26.223  INFO 17184 --- [Thread-24] .SchemaDropperImpl$DelayedDropActionImpl : HHH000477: Starting delayed evictData of schema as part of SessionFactory shut-down'
2021-07-12 23:03:26.426  WARN 17184 --- [Thread-24] o.s.b.f.support.DisposableBeanAdapter    : Invocation of destroy method failed on bean with name 'inMemoryDatabaseShutdownExecutor': org.h2.jdbc.JdbcSQLNonTransientConnectionException: Database is already closed (to disable automatic closing at VM shutdown, add ";DB_CLOSE_ON_EXIT=FALSE" to the db URL) [90121-200]
2021-07-12 23:03:26.426  INFO 17184 --- [Thread-24] com.zaxxer.hikari.HikariDataSource       : HikariPool-6 - Shutdown initiated...
2021-07-12 23:03:26.432  INFO 17184 --- [Thread-24] com.zaxxer.hikari.HikariDataSource       : HikariPool-6 - Shutdown completed.
2021-07-12 23:03:26.498  INFO 17184 --- [restartedMain] c.w.ExtractNumbersApplication            : Starting ExtractNumbersApplication using Java 11.0.9 on LAPTOP-8MAUP4OH with PID 17184 (C:\Users\rgmee\Downloads\spring-boot-recipe-app-master\extract-numbers\target\classes started by rgmee in C:\Users\rgmee\Downloads\spring-boot-recipe-app-master\extract-numbers)
2021-07-12 23:03:26.498  INFO 17184 --- [restartedMain] c.w.ExtractNumbersApplication            : No active profile set, falling back to default profiles: default
2021-07-12 23:03:26.654  INFO 17184 --- [restartedMain] .s.d.r.c.RepositoryConfigurationDelegate : Bootstrapping Spring Data JPA repositories in DEFAULT mode.
2021-07-12 23:03:26.657  INFO 17184 --- [restartedMain] .s.d.r.c.RepositoryConfigurationDelegate : Finished Spring Data repository scanning in 2 ms. Found 0 JPA repository interfaces.
2021-07-12 23:03:26.766  INFO 17184 --- [restartedMain] o.s.b.w.embedded.tomcat.TomcatWebServer  : Tomcat initialized with port(s): 8081 (http)
2021-07-12 23:03:26.767  INFO 17184 --- [restartedMain] o.apache.catalina.core.StandardService   : Starting service [Tomcat]
2021-07-12 23:03:26.767  INFO 17184 --- [restartedMain] org.apache.catalina.core.StandardEngine  : Starting Servlet engine: [Apache Tomcat/9.0.48]
2021-07-12 23:03:26.787  INFO 17184 --- [restartedMain] o.a.c.c.C.[Tomcat].[localhost].[/]       : Initializing Spring embedded WebApplicationContext
2021-07-12 23:03:26.787  INFO 17184 --- [restartedMain] w.s.c.ServletWebServerApplicationContext : Root WebApplicationContext: initialization completed in 287 ms
2021-07-12 23:03:26.797  INFO 17184 --- [restartedMain] com.zaxxer.hikari.HikariDataSource       : HikariPool-7 - Starting...
2021-07-12 23:03:26.799  INFO 17184 --- [restartedMain] com.zaxxer.hikari.HikariDataSource       : HikariPool-7 - Start completed.
2021-07-12 23:03:26.799  INFO 17184 --- [restartedMain] o.s.b.a.h2.H2ConsoleAutoConfiguration    : H2 console available at '/h2-console'. Database available at 'jdbc:h2:mem:60e2553c-43e7-4ece-a05a-9cdeb323692d'
2021-07-12 23:03:26.815  INFO 17184 --- [restartedMain] o.hibernate.jpa.internal.util.LogHelper  : HHH000204: Processing PersistenceUnitInfo [name: default]
2021-07-12 23:03:26.822  INFO 17184 --- [restartedMain] org.hibernate.dialect.Dialect            : HHH000400: Using dialect: org.hibernate.dialect.H2Dialect
2021-07-12 23:03:26.829  INFO 17184 --- [restartedMain] o.h.e.t.j.p.i.JtaPlatformInitiator       : HHH000490: Using JtaPlatform implementation: [org.hibernate.engine.transaction.jta.platform.internal.NoJtaPlatform]
2021-07-12 23:03:26.829  INFO 17184 --- [restartedMain] j.LocalContainerEntityManagerFactoryBean : Initialized JPA EntityManagerFactory for persistence unit 'default'
2021-07-12 23:03:26.844  WARN 17184 --- [restartedMain] JpaBaseConfiguration$JpaWebConfiguration : spring.jpa.open-in-view is enabled by default. Therefore, database queries may be performed during view rendering. Explicitly configure spring.jpa.open-in-view to disable this warning
2021-07-12 23:03:26.910  INFO 17184 --- [restartedMain] o.s.b.d.a.OptionalLiveReloadServer       : LiveReload server is running on port 35729
2021-07-12 23:03:26.921  INFO 17184 --- [restartedMain] o.s.b.w.embedded.tomcat.TomcatWebServer  : Tomcat started on port(s): 8081 (http) with context path ''
2021-07-12 23:03:26.927  INFO 17184 --- [restartedMain] c.w.ExtractNumbersApplication            : Started ExtractNumbersApplication in 0.46 seconds (JVM running for 524.414)
2021-07-12 23:03:26.929  INFO 17184 --- [restartedMain] .ConditionEvaluationDeltaLoggingListener : Condition evaluation unchanged
2021-07-12 23:03:29.363  INFO 17184 --- [http-nio-8081-exec-1] o.a.c.c.C.[Tomcat].[localhost].[/]       : Initializing Spring DispatcherServlet 'dispatcherServlet'
2021-07-12 23:03:29.365  INFO 17184 --- [http-nio-8081-exec-1] o.s.web.servlet.DispatcherServlet        : Initializing Servlet 'dispatcherServlet'
2021-07-12 23:03:29.367  INFO 17184 --- [http-nio-8081-exec-1] o.s.web.servlet.DispatcherServlet        : Completed initialization in 1 ms
2021-07-12 23:04:20.711  INFO 17184 --- [Thread-28] j.LocalContainerEntityManagerFactoryBean : Closing JPA EntityManagerFactory for persistence unit 'default'
2021-07-12 23:04:20.711  INFO 17184 --- [Thread-28] .SchemaDropperImpl$DelayedDropActionImpl : HHH000477: Starting delayed evictData of schema as part of SessionFactory shut-down'
2021-07-12 23:04:20.927  WARN 17184 --- [Thread-28] o.s.b.f.support.DisposableBeanAdapter    : Invocation of destroy method failed on bean with name 'inMemoryDatabaseShutdownExecutor': org.h2.jdbc.JdbcSQLNonTransientConnectionException: Database is already closed (to disable automatic closing at VM shutdown, add ";DB_CLOSE_ON_EXIT=FALSE" to the db URL) [90121-200]
2021-07-12 23:04:20.927  INFO 17184 --- [Thread-28] com.zaxxer.hikari.HikariDataSource       : HikariPool-7 - Shutdown initiated...
2021-07-12 23:04:20.933  INFO 17184 --- [Thread-28] com.zaxxer.hikari.HikariDataSource       : HikariPool-7 - Shutdown completed.
2021-07-12 23:04:21.022  INFO 17184 --- [restartedMain] c.w.ExtractNumbersApplication            : Starting ExtractNumbersApplication using Java 11.0.9 on LAPTOP-8MAUP4OH with PID 17184 (C:\Users\rgmee\Downloads\spring-boot-recipe-app-master\extract-numbers\target\classes started by rgmee in C:\Users\rgmee\Downloads\spring-boot-recipe-app-master\extract-numbers)
2021-07-12 23:04:21.023  INFO 17184 --- [restartedMain] c.w.ExtractNumbersApplication            : No active profile set, falling back to default profiles: default
2021-07-12 23:04:21.234  INFO 17184 --- [restartedMain] .s.d.r.c.RepositoryConfigurationDelegate : Bootstrapping Spring Data JPA repositories in DEFAULT mode.
2021-07-12 23:04:21.238  INFO 17184 --- [restartedMain] .s.d.r.c.RepositoryConfigurationDelegate : Finished Spring Data repository scanning in 2 ms. Found 0 JPA repository interfaces.
2021-07-12 23:04:21.333  INFO 17184 --- [restartedMain] o.s.b.w.embedded.tomcat.TomcatWebServer  : Tomcat initialized with port(s): 8081 (http)
2021-07-12 23:04:21.335  INFO 17184 --- [restartedMain] o.apache.catalina.core.StandardService   : Starting service [Tomcat]
2021-07-12 23:04:21.335  INFO 17184 --- [restartedMain] org.apache.catalina.core.StandardEngine  : Starting Servlet engine: [Apache Tomcat/9.0.48]
2021-07-12 23:04:21.361  INFO 17184 --- [restartedMain] o.a.c.c.C.[Tomcat].[localhost].[/]       : Initializing Spring embedded WebApplicationContext
2021-07-12 23:04:21.361  INFO 17184 --- [restartedMain] w.s.c.ServletWebServerApplicationContext : Root WebApplicationContext: initialization completed in 336 ms
2021-07-12 23:04:21.377  INFO 17184 --- [restartedMain] com.zaxxer.hikari.HikariDataSource       : HikariPool-8 - Starting...
2021-07-12 23:04:21.379  INFO 17184 --- [restartedMain] com.zaxxer.hikari.HikariDataSource       : HikariPool-8 - Start completed.
2021-07-12 23:04:21.379  INFO 17184 --- [restartedMain] o.s.b.a.h2.H2ConsoleAutoConfiguration    : H2 console available at '/h2-console'. Database available at 'jdbc:h2:mem:3661fdce-281b-44b2-9086-c402dae13049'
2021-07-12 23:04:21.408  INFO 17184 --- [restartedMain] o.hibernate.jpa.internal.util.LogHelper  : HHH000204: Processing PersistenceUnitInfo [name: default]
2021-07-12 23:04:21.417  INFO 17184 --- [restartedMain] org.hibernate.dialect.Dialect            : HHH000400: Using dialect: org.hibernate.dialect.H2Dialect
2021-07-12 23:04:21.429  INFO 17184 --- [restartedMain] o.h.e.t.j.p.i.JtaPlatformInitiator       : HHH000490: Using JtaPlatform implementation: [org.hibernate.engine.transaction.jta.platform.internal.NoJtaPlatform]
2021-07-12 23:04:21.430  INFO 17184 --- [restartedMain] j.LocalContainerEntityManagerFactoryBean : Initialized JPA EntityManagerFactory for persistence unit 'default'
2021-07-12 23:04:21.453  WARN 17184 --- [restartedMain] JpaBaseConfiguration$JpaWebConfiguration : spring.jpa.open-in-view is enabled by default. Therefore, database queries may be performed during view rendering. Explicitly configure spring.jpa.open-in-view to disable this warning
2021-07-12 23:04:21.550  INFO 17184 --- [restartedMain] o.s.b.d.a.OptionalLiveReloadServer       : LiveReload server is running on port 35729
2021-07-12 23:04:21.561  INFO 17184 --- [restartedMain] o.s.b.w.embedded.tomcat.TomcatWebServer  : Tomcat started on port(s): 8081 (http) with context path ''
2021-07-12 23:04:21.567  INFO 17184 --- [restartedMain] c.w.ExtractNumbersApplication            : Started ExtractNumbersApplication in 0.588 seconds (JVM running for 579.054)
2021-07-12 23:04:21.570  INFO 17184 --- [restartedMain] .ConditionEvaluationDeltaLoggingListener : Condition evaluation unchanged
2021-07-12 23:04:24.255  INFO 17184 --- [http-nio-8081-exec-2] o.a.c.c.C.[Tomcat].[localhost].[/]       : Initializing Spring DispatcherServlet 'dispatcherServlet'
2021-07-12 23:04:24.257  INFO 17184 --- [http-nio-8081-exec-2] o.s.web.servlet.DispatcherServlet        : Initializing Servlet 'dispatcherServlet'
2021-07-12 23:04:24.259  INFO 17184 --- [http-nio-8081-exec-2] o.s.web.servlet.DispatcherServlet        : Completed initialization in 2 ms
2021-07-12 23:04:36.843  INFO 17184 --- [RMI TCP Connection(35)-127.0.0.1] inMXBeanRegistrar$SpringApplicationAdmin : Application shutdown requested.
2021-07-12 23:04:37.035  INFO 17184 --- [RMI TCP Connection(35)-127.0.0.1] j.LocalContainerEntityManagerFactoryBean : Closing JPA EntityManagerFactory for persistence unit 'default'
2021-07-12 23:04:37.036  INFO 17184 --- [RMI TCP Connection(35)-127.0.0.1] .SchemaDropperImpl$DelayedDropActionImpl : HHH000477: Starting delayed evictData of schema as part of SessionFactory shut-down'
2021-07-12 23:04:37.247  WARN 17184 --- [RMI TCP Connection(35)-127.0.0.1] o.s.b.f.support.DisposableBeanAdapter    : Invocation of destroy method failed on bean with name 'inMemoryDatabaseShutdownExecutor': org.h2.jdbc.JdbcSQLNonTransientConnectionException: Database is already closed (to disable automatic closing at VM shutdown, add ";DB_CLOSE_ON_EXIT=FALSE" to the db URL) [90121-200]
2021-07-12 23:04:37.248  INFO 17184 --- [RMI TCP Connection(35)-127.0.0.1] com.zaxxer.hikari.HikariDataSource       : HikariPool-8 - Shutdown initiated...
2021-07-12 23:04:37.254  INFO 17184 --- [RMI TCP Connection(35)-127.0.0.1] com.zaxxer.hikari.HikariDataSource       : HikariPool-8 - Shutdown completed.
2021-07-12 23:04:46.203  INFO 20464 --- [restartedMain] c.w.ExtractNumbersApplication            : Starting ExtractNumbersApplication using Java 11.0.9 on LAPTOP-8MAUP4OH with PID 20464 (C:\Users\rgmee\Downloads\spring-boot-recipe-app-master\extract-numbers\target\classes started by rgmee in C:\Users\rgmee\Downloads\spring-boot-recipe-app-master\extract-numbers)
2021-07-12 23:04:46.212  INFO 20464 --- [restartedMain] c.w.ExtractNumbersApplication            : No active profile set, falling back to default profiles: default
2021-07-12 23:04:46.284  INFO 20464 --- [restartedMain] .e.DevToolsPropertyDefaultsPostProcessor : Devtools property defaults active! Set 'spring.devtools.add-properties' to 'false' to disable
2021-07-12 23:04:46.285  INFO 20464 --- [restartedMain] .e.DevToolsPropertyDefaultsPostProcessor : For additional web related logging consider setting the 'logging.level.web' property to 'DEBUG'
2021-07-12 23:04:47.283  INFO 20464 --- [restartedMain] .s.d.r.c.RepositoryConfigurationDelegate : Bootstrapping Spring Data JPA repositories in DEFAULT mode.
2021-07-12 23:04:47.303  INFO 20464 --- [restartedMain] .s.d.r.c.RepositoryConfigurationDelegate : Finished Spring Data repository scanning in 9 ms. Found 0 JPA repository interfaces.
2021-07-12 23:04:48.158  INFO 20464 --- [restartedMain] o.s.b.w.embedded.tomcat.TomcatWebServer  : Tomcat initialized with port(s): 8081 (http)
2021-07-12 23:04:48.172  INFO 20464 --- [restartedMain] o.apache.catalina.core.StandardService   : Starting service [Tomcat]
2021-07-12 23:04:48.173  INFO 20464 --- [restartedMain] org.apache.catalina.core.StandardEngine  : Starting Servlet engine: [Apache Tomcat/9.0.48]
2021-07-12 23:04:48.273  INFO 20464 --- [restartedMain] o.a.c.c.C.[Tomcat].[localhost].[/]       : Initializing Spring embedded WebApplicationContext
2021-07-12 23:04:48.274  INFO 20464 --- [restartedMain] w.s.c.ServletWebServerApplicationContext : Root WebApplicationContext: initialization completed in 1988 ms
2021-07-12 23:04:48.307  INFO 20464 --- [restartedMain] com.zaxxer.hikari.HikariDataSource       : HikariPool-1 - Starting...
2021-07-12 23:04:48.576  INFO 20464 --- [restartedMain] com.zaxxer.hikari.HikariDataSource       : HikariPool-1 - Start completed.
2021-07-12 23:04:48.585  INFO 20464 --- [restartedMain] o.s.b.a.h2.H2ConsoleAutoConfiguration    : H2 console available at '/h2-console'. Database available at 'jdbc:h2:mem:392a2750-cfce-4dac-98f6-91c58f474b52'
2021-07-12 23:04:48.817  INFO 20464 --- [restartedMain] o.hibernate.jpa.internal.util.LogHelper  : HHH000204: Processing PersistenceUnitInfo [name: default]
2021-07-12 23:04:48.901  INFO 20464 --- [restartedMain] org.hibernate.Version                    : HHH000412: Hibernate ORM core version 5.4.32.Final
2021-07-12 23:04:49.150  INFO 20464 --- [restartedMain] o.hibernate.annotations.common.Version   : HCANN000001: Hibernate Commons Annotations {5.1.2.Final}
2021-07-12 23:04:49.403  INFO 20464 --- [restartedMain] org.hibernate.dialect.Dialect            : HHH000400: Using dialect: org.hibernate.dialect.H2Dialect
2021-07-12 23:04:49.789  INFO 20464 --- [restartedMain] o.h.e.t.j.p.i.JtaPlatformInitiator       : HHH000490: Using JtaPlatform implementation: [org.hibernate.engine.transaction.jta.platform.internal.NoJtaPlatform]
2021-07-12 23:04:49.805  INFO 20464 --- [restartedMain] j.LocalContainerEntityManagerFactoryBean : Initialized JPA EntityManagerFactory for persistence unit 'default'
2021-07-12 23:04:49.950  WARN 20464 --- [restartedMain] JpaBaseConfiguration$JpaWebConfiguration : spring.jpa.open-in-view is enabled by default. Therefore, database queries may be performed during view rendering. Explicitly configure spring.jpa.open-in-view to disable this warning
2021-07-12 23:04:50.430  INFO 20464 --- [restartedMain] o.s.b.d.a.OptionalLiveReloadServer       : LiveReload server is running on port 35729
2021-07-12 23:04:50.480  INFO 20464 --- [restartedMain] o.s.b.w.embedded.tomcat.TomcatWebServer  : Tomcat started on port(s): 8081 (http) with context path ''
2021-07-12 23:04:50.492  INFO 20464 --- [restartedMain] c.w.ExtractNumbersApplication            : Started ExtractNumbersApplication in 4.855 seconds (JVM running for 7.689)
2021-07-12 23:04:55.202  INFO 20464 --- [http-nio-8081-exec-2] o.a.c.c.C.[Tomcat].[localhost].[/]       : Initializing Spring DispatcherServlet 'dispatcherServlet'
2021-07-12 23:04:55.204  INFO 20464 --- [http-nio-8081-exec-2] o.s.web.servlet.DispatcherServlet        : Initializing Servlet 'dispatcherServlet'
2021-07-12 23:04:55.205  INFO 20464 --- [http-nio-8081-exec-2] o.s.web.servlet.DispatcherServlet        : Completed initialization in 0 ms
2021-07-12 23:05:42.455  INFO 20464 --- [RMI TCP Connection(10)-127.0.0.1] inMXBeanRegistrar$SpringApplicationAdmin : Application shutdown requested.
2021-07-12 23:05:49.938  INFO 20464 --- [RMI TCP Connection(10)-127.0.0.1] j.LocalContainerEntityManagerFactoryBean : Closing JPA EntityManagerFactory for persistence unit 'default'
2021-07-12 23:05:49.939  INFO 20464 --- [RMI TCP Connection(10)-127.0.0.1] .SchemaDropperImpl$DelayedDropActionImpl : HHH000477: Starting delayed evictData of schema as part of SessionFactory shut-down'
2021-07-12 23:05:50.179  WARN 20464 --- [RMI TCP Connection(10)-127.0.0.1] o.s.b.f.support.DisposableBeanAdapter    : Invocation of destroy method failed on bean with name 'inMemoryDatabaseShutdownExecutor': org.h2.jdbc.JdbcSQLNonTransientConnectionException: Database is already closed (to disable automatic closing at VM shutdown, add ";DB_CLOSE_ON_EXIT=FALSE" to the db URL) [90121-200]
2021-07-12 23:05:50.180  INFO 20464 --- [RMI TCP Connection(10)-127.0.0.1] com.zaxxer.hikari.HikariDataSource       : HikariPool-1 - Shutdown initiated...
2021-07-12 23:05:50.187  INFO 20464 --- [RMI TCP Connection(10)-127.0.0.1] com.zaxxer.hikari.HikariDataSource       : HikariPool-1 - Shutdown completed.
2021-07-12 23:06:01.089  INFO 20680 --- [restartedMain] c.w.ExtractNumbersApplication            : Starting ExtractNumbersApplication using Java 11.0.9 on LAPTOP-8MAUP4OH with PID 20680 (C:\Users\rgmee\Downloads\spring-boot-recipe-app-master\extract-numbers\target\classes started by rgmee in C:\Users\rgmee\Downloads\spring-boot-recipe-app-master\extract-numbers)
2021-07-12 23:06:01.098  INFO 20680 --- [restartedMain] c.w.ExtractNumbersApplication            : No active profile set, falling back to default profiles: default
2021-07-12 23:06:01.188  INFO 20680 --- [restartedMain] .e.DevToolsPropertyDefaultsPostProcessor : Devtools property defaults active! Set 'spring.devtools.add-properties' to 'false' to disable
2021-07-12 23:06:01.188  INFO 20680 --- [restartedMain] .e.DevToolsPropertyDefaultsPostProcessor : For additional web related logging consider setting the 'logging.level.web' property to 'DEBUG'
2021-07-12 23:06:02.011  INFO 20680 --- [restartedMain] .s.d.r.c.RepositoryConfigurationDelegate : Bootstrapping Spring Data JPA repositories in DEFAULT mode.
2021-07-12 23:06:02.028  INFO 20680 --- [restartedMain] .s.d.r.c.RepositoryConfigurationDelegate : Finished Spring Data repository scanning in 6 ms. Found 0 JPA repository interfaces.
2021-07-12 23:06:02.764  INFO 20680 --- [restartedMain] o.s.b.w.embedded.tomcat.TomcatWebServer  : Tomcat initialized with port(s): 8081 (http)
2021-07-12 23:06:02.776  INFO 20680 --- [restartedMain] o.apache.catalina.core.StandardService   : Starting service [Tomcat]
2021-07-12 23:06:02.777  INFO 20680 --- [restartedMain] org.apache.catalina.core.StandardEngine  : Starting Servlet engine: [Apache Tomcat/9.0.48]
2021-07-12 23:06:02.894  INFO 20680 --- [restartedMain] o.a.c.c.C.[Tomcat].[localhost].[/]       : Initializing Spring embedded WebApplicationContext
2021-07-12 23:06:02.894  INFO 20680 --- [restartedMain] w.s.c.ServletWebServerApplicationContext : Root WebApplicationContext: initialization completed in 1705 ms
2021-07-12 23:06:02.928  INFO 20680 --- [restartedMain] com.zaxxer.hikari.HikariDataSource       : HikariPool-1 - Starting...
2021-07-12 23:06:03.169  INFO 20680 --- [restartedMain] com.zaxxer.hikari.HikariDataSource       : HikariPool-1 - Start completed.
2021-07-12 23:06:03.180  INFO 20680 --- [restartedMain] o.s.b.a.h2.H2ConsoleAutoConfiguration    : H2 console available at '/h2-console'. Database available at 'jdbc:h2:mem:8e900613-e4d4-4c61-8e6a-e54768fad122'
2021-07-12 23:06:03.423  INFO 20680 --- [restartedMain] o.hibernate.jpa.internal.util.LogHelper  : HHH000204: Processing PersistenceUnitInfo [name: default]
2021-07-12 23:06:03.495  INFO 20680 --- [restartedMain] org.hibernate.Version                    : HHH000412: Hibernate ORM core version 5.4.32.Final
2021-07-12 23:06:03.686  INFO 20680 --- [restartedMain] o.hibernate.annotations.common.Version   : HCANN000001: Hibernate Commons Annotations {5.1.2.Final}
2021-07-12 23:06:03.860  INFO 20680 --- [restartedMain] org.hibernate.dialect.Dialect            : HHH000400: Using dialect: org.hibernate.dialect.H2Dialect
2021-07-12 23:06:04.175  INFO 20680 --- [restartedMain] o.h.e.t.j.p.i.JtaPlatformInitiator       : HHH000490: Using JtaPlatform implementation: [org.hibernate.engine.transaction.jta.platform.internal.NoJtaPlatform]
2021-07-12 23:06:04.189  INFO 20680 --- [restartedMain] j.LocalContainerEntityManagerFactoryBean : Initialized JPA EntityManagerFactory for persistence unit 'default'
2021-07-12 23:06:04.267  WARN 20680 --- [restartedMain] JpaBaseConfiguration$JpaWebConfiguration : spring.jpa.open-in-view is enabled by default. Therefore, database queries may be performed during view rendering. Explicitly configure spring.jpa.open-in-view to disable this warning
2021-07-12 23:06:04.717  INFO 20680 --- [restartedMain] o.s.b.d.a.OptionalLiveReloadServer       : LiveReload server is running on port 35729
2021-07-12 23:06:04.776  INFO 20680 --- [restartedMain] o.s.b.w.embedded.tomcat.TomcatWebServer  : Tomcat started on port(s): 8081 (http) with context path ''
2021-07-12 23:06:04.793  INFO 20680 --- [restartedMain] c.w.ExtractNumbersApplication            : Started ExtractNumbersApplication in 4.242 seconds (JVM running for 5.606)
2021-07-12 23:06:10.249  INFO 20680 --- [http-nio-8081-exec-1] o.a.c.c.C.[Tomcat].[localhost].[/]       : Initializing Spring DispatcherServlet 'dispatcherServlet'
2021-07-12 23:06:10.253  INFO 20680 --- [http-nio-8081-exec-1] o.s.web.servlet.DispatcherServlet        : Initializing Servlet 'dispatcherServlet'
2021-07-12 23:06:10.254  INFO 20680 --- [http-nio-8081-exec-1] o.s.web.servlet.DispatcherServlet        : Completed initialization in 1 ms
2021-07-12 23:07:00.392  INFO 20680 --- [RMI TCP Connection(9)-127.0.0.1] inMXBeanRegistrar$SpringApplicationAdmin : Application shutdown requested.
2021-07-12 23:07:07.913  INFO 20680 --- [RMI TCP Connection(9)-127.0.0.1] j.LocalContainerEntityManagerFactoryBean : Closing JPA EntityManagerFactory for persistence unit 'default'
2021-07-12 23:07:07.914  INFO 20680 --- [RMI TCP Connection(9)-127.0.0.1] .SchemaDropperImpl$DelayedDropActionImpl : HHH000477: Starting delayed evictData of schema as part of SessionFactory shut-down'
2021-07-12 23:07:08.143  WARN 20680 --- [RMI TCP Connection(9)-127.0.0.1] o.s.b.f.support.DisposableBeanAdapter    : Invocation of destroy method failed on bean with name 'inMemoryDatabaseShutdownExecutor': org.h2.jdbc.JdbcSQLNonTransientConnectionException: Database is already closed (to disable automatic closing at VM shutdown, add ";DB_CLOSE_ON_EXIT=FALSE" to the db URL) [90121-200]
2021-07-12 23:07:08.144  INFO 20680 --- [RMI TCP Connection(9)-127.0.0.1] com.zaxxer.hikari.HikariDataSource       : HikariPool-1 - Shutdown initiated...
2021-07-12 23:07:08.153  INFO 20680 --- [RMI TCP Connection(9)-127.0.0.1] com.zaxxer.hikari.HikariDataSource       : HikariPool-1 - Shutdown completed.
2021-07-12 23:07:14.914  INFO 2476 --- [restartedMain] c.w.ExtractNumbersApplication            : Starting ExtractNumbersApplication using Java 11.0.9 on LAPTOP-8MAUP4OH with PID 2476 (C:\Users\rgmee\Downloads\spring-boot-recipe-app-master\extract-numbers\target\classes started by rgmee in C:\Users\rgmee\Downloads\spring-boot-recipe-app-master\extract-numbers)
2021-07-12 23:07:14.920  INFO 2476 --- [restartedMain] c.w.ExtractNumbersApplication            : No active profile set, falling back to default profiles: default
2021-07-12 23:07:14.975  INFO 2476 --- [restartedMain] .e.DevToolsPropertyDefaultsPostProcessor : Devtools property defaults active! Set 'spring.devtools.add-properties' to 'false' to disable
2021-07-12 23:07:14.975  INFO 2476 --- [restartedMain] .e.DevToolsPropertyDefaultsPostProcessor : For additional web related logging consider setting the 'logging.level.web' property to 'DEBUG'
2021-07-12 23:07:15.663  INFO 2476 --- [restartedMain] .s.d.r.c.RepositoryConfigurationDelegate : Bootstrapping Spring Data JPA repositories in DEFAULT mode.
2021-07-12 23:07:15.679  INFO 2476 --- [restartedMain] .s.d.r.c.RepositoryConfigurationDelegate : Finished Spring Data repository scanning in 6 ms. Found 0 JPA repository interfaces.
2021-07-12 23:07:16.266  INFO 2476 --- [restartedMain] o.s.b.w.embedded.tomcat.TomcatWebServer  : Tomcat initialized with port(s): 8081 (http)
2021-07-12 23:07:16.276  INFO 2476 --- [restartedMain] o.apache.catalina.core.StandardService   : Starting service [Tomcat]
2021-07-12 23:07:16.277  INFO 2476 --- [restartedMain] org.apache.catalina.core.StandardEngine  : Starting Servlet engine: [Apache Tomcat/9.0.48]
2021-07-12 23:07:16.390  INFO 2476 --- [restartedMain] o.a.c.c.C.[Tomcat].[localhost].[/]       : Initializing Spring embedded WebApplicationContext
2021-07-12 23:07:16.391  INFO 2476 --- [restartedMain] w.s.c.ServletWebServerApplicationContext : Root WebApplicationContext: initialization completed in 1415 ms
2021-07-12 23:07:16.422  INFO 2476 --- [restartedMain] com.zaxxer.hikari.HikariDataSource       : HikariPool-1 - Starting...
2021-07-12 23:07:16.663  INFO 2476 --- [restartedMain] com.zaxxer.hikari.HikariDataSource       : HikariPool-1 - Start completed.
2021-07-12 23:07:16.674  INFO 2476 --- [restartedMain] o.s.b.a.h2.H2ConsoleAutoConfiguration    : H2 console available at '/h2-console'. Database available at 'jdbc:h2:mem:03db73da-3256-40c9-a7fa-59ae97a2f217'
2021-07-12 23:07:16.867  INFO 2476 --- [restartedMain] o.hibernate.jpa.internal.util.LogHelper  : HHH000204: Processing PersistenceUnitInfo [name: default]
2021-07-12 23:07:16.924  INFO 2476 --- [restartedMain] org.hibernate.Version                    : HHH000412: Hibernate ORM core version 5.4.32.Final
2021-07-12 23:07:17.078  INFO 2476 --- [restartedMain] o.hibernate.annotations.common.Version   : HCANN000001: Hibernate Commons Annotations {5.1.2.Final}
2021-07-12 23:07:17.224  INFO 2476 --- [restartedMain] org.hibernate.dialect.Dialect            : HHH000400: Using dialect: org.hibernate.dialect.H2Dialect
2021-07-12 23:07:17.473  INFO 2476 --- [restartedMain] o.h.e.t.j.p.i.JtaPlatformInitiator       : HHH000490: Using JtaPlatform implementation: [org.hibernate.engine.transaction.jta.platform.internal.NoJtaPlatform]
2021-07-12 23:07:17.486  INFO 2476 --- [restartedMain] j.LocalContainerEntityManagerFactoryBean : Initialized JPA EntityManagerFactory for persistence unit 'default'
2021-07-12 23:07:17.540  WARN 2476 --- [restartedMain] JpaBaseConfiguration$JpaWebConfiguration : spring.jpa.open-in-view is enabled by default. Therefore, database queries may be performed during view rendering. Explicitly configure spring.jpa.open-in-view to disable this warning
2021-07-12 23:07:17.875  INFO 2476 --- [restartedMain] o.s.b.d.a.OptionalLiveReloadServer       : LiveReload server is running on port 35729
2021-07-12 23:07:17.912  INFO 2476 --- [restartedMain] o.s.b.w.embedded.tomcat.TomcatWebServer  : Tomcat started on port(s): 8081 (http) with context path ''
2021-07-12 23:07:17.922  INFO 2476 --- [restartedMain] c.w.ExtractNumbersApplication            : Started ExtractNumbersApplication in 3.479 seconds (JVM running for 4.515)
2021-07-12 23:07:24.408  INFO 2476 --- [http-nio-8081-exec-1] o.a.c.c.C.[Tomcat].[localhost].[/]       : Initializing Spring DispatcherServlet 'dispatcherServlet'
2021-07-12 23:07:24.409  INFO 2476 --- [http-nio-8081-exec-1] o.s.web.servlet.DispatcherServlet        : Initializing Servlet 'dispatcherServlet'
2021-07-12 23:07:24.410  INFO 2476 --- [http-nio-8081-exec-1] o.s.web.servlet.DispatcherServlet        : Completed initialization in 1 ms
